2024-07-03 12:41:18,137:DEBUG:api.py:<module>:176:loading all models...
2024-07-03 12:41:19,094:WARNING:_internal.py:_log:97: * Debugger is active!
2024-07-03 12:41:19,095:INFO:_internal.py:_log:97: * Debugger PIN: 125-343-664
2024-07-03 12:41:41,647:DEBUG:api.py:upload_file:126:Saving file...
2024-07-03 12:41:41,648:DEBUG:api.py:upload_file:128:File saved!
2024-07-03 12:41:41,648:DEBUG:api.py:upload_file:130:renaming the filename...
2024-07-03 12:41:41,648:DEBUG:api.py:upload_file:134:Storing the filename!
2024-07-03 12:41:41,668:DEBUG:api.py:upload_file:126:Saving file...
2024-07-03 12:41:41,668:DEBUG:api.py:upload_file:128:File saved!
2024-07-03 12:41:41,668:DEBUG:api.py:upload_file:130:renaming the filename...
2024-07-03 12:41:41,668:DEBUG:api.py:upload_file:134:Storing the filename!
2024-07-03 12:41:41,676:DEBUG:api.py:upload_file:126:Saving file...
2024-07-03 12:41:41,676:DEBUG:api.py:upload_file:128:File saved!
2024-07-03 12:41:41,676:DEBUG:api.py:upload_file:130:renaming the filename...
2024-07-03 12:41:41,676:DEBUG:api.py:upload_file:134:Storing the filename!
2024-07-03 12:41:41,683:DEBUG:api.py:upload_file:126:Saving file...
2024-07-03 12:41:41,683:DEBUG:api.py:upload_file:128:File saved!
2024-07-03 12:41:41,683:DEBUG:api.py:upload_file:130:renaming the filename...
2024-07-03 12:41:41,683:DEBUG:api.py:upload_file:134:Storing the filename!
2024-07-03 12:41:41,689:DEBUG:api.py:upload_file:126:Saving file...
2024-07-03 12:41:41,690:DEBUG:api.py:upload_file:128:File saved!
2024-07-03 12:41:41,690:DEBUG:api.py:upload_file:130:renaming the filename...
2024-07-03 12:41:41,690:DEBUG:api.py:upload_file:134:Storing the filename!
2024-07-03 12:41:41,697:DEBUG:api.py:upload_file:126:Saving file...
2024-07-03 12:41:41,697:DEBUG:api.py:upload_file:128:File saved!
2024-07-03 12:41:41,697:DEBUG:api.py:upload_file:130:renaming the filename...
2024-07-03 12:41:41,697:DEBUG:api.py:upload_file:134:Storing the filename!
2024-07-03 12:41:41,704:DEBUG:api.py:upload_file:126:Saving file...
2024-07-03 12:41:41,704:DEBUG:api.py:upload_file:128:File saved!
2024-07-03 12:41:41,704:DEBUG:api.py:upload_file:130:renaming the filename...
2024-07-03 12:41:41,704:DEBUG:api.py:upload_file:134:Storing the filename!
2024-07-03 12:41:41,712:DEBUG:api.py:upload_file:126:Saving file...
2024-07-03 12:41:41,712:DEBUG:api.py:upload_file:128:File saved!
2024-07-03 12:41:41,712:DEBUG:api.py:upload_file:130:renaming the filename...
2024-07-03 12:41:41,712:DEBUG:api.py:upload_file:134:Storing the filename!
2024-07-03 12:41:41,722:DEBUG:api.py:upload_file:126:Saving file...
2024-07-03 12:41:41,722:DEBUG:api.py:upload_file:128:File saved!
2024-07-03 12:41:41,722:DEBUG:api.py:upload_file:130:renaming the filename...
2024-07-03 12:41:41,722:DEBUG:api.py:upload_file:134:Storing the filename!
2024-07-03 12:41:41,730:DEBUG:api.py:upload_file:126:Saving file...
2024-07-03 12:41:41,730:DEBUG:api.py:upload_file:128:File saved!
2024-07-03 12:41:41,730:DEBUG:api.py:upload_file:130:renaming the filename...
2024-07-03 12:41:41,730:DEBUG:api.py:upload_file:134:Storing the filename!
2024-07-03 12:41:41,737:DEBUG:api.py:upload_file:126:Saving file...
2024-07-03 12:41:41,738:DEBUG:api.py:upload_file:128:File saved!
2024-07-03 12:41:41,738:DEBUG:api.py:upload_file:130:renaming the filename...
2024-07-03 12:41:41,738:DEBUG:api.py:upload_file:134:Storing the filename!
2024-07-03 12:41:41,748:DEBUG:api.py:upload_file:126:Saving file...
2024-07-03 12:41:41,748:DEBUG:api.py:upload_file:128:File saved!
2024-07-03 12:41:41,748:DEBUG:api.py:upload_file:130:renaming the filename...
2024-07-03 12:41:41,748:DEBUG:api.py:upload_file:134:Storing the filename!
2024-07-03 12:41:41,757:DEBUG:api.py:upload_file:126:Saving file...
2024-07-03 12:41:41,757:DEBUG:api.py:upload_file:128:File saved!
2024-07-03 12:41:41,757:DEBUG:api.py:upload_file:130:renaming the filename...
2024-07-03 12:41:41,757:DEBUG:api.py:upload_file:134:Storing the filename!
2024-07-03 12:41:41,766:DEBUG:api.py:upload_file:126:Saving file...
2024-07-03 12:41:41,766:DEBUG:api.py:upload_file:128:File saved!
2024-07-03 12:41:41,766:DEBUG:api.py:upload_file:130:renaming the filename...
2024-07-03 12:41:41,766:DEBUG:api.py:upload_file:134:Storing the filename!
2024-07-03 12:41:41,774:DEBUG:api.py:upload_file:126:Saving file...
2024-07-03 12:41:41,775:DEBUG:api.py:upload_file:128:File saved!
2024-07-03 12:41:41,775:DEBUG:api.py:upload_file:130:renaming the filename...
2024-07-03 12:41:41,775:DEBUG:api.py:upload_file:134:Storing the filename!
2024-07-03 12:41:41,783:DEBUG:api.py:upload_file:126:Saving file...
2024-07-03 12:41:41,783:DEBUG:api.py:upload_file:128:File saved!
2024-07-03 12:41:41,783:DEBUG:api.py:upload_file:130:renaming the filename...
2024-07-03 12:41:41,783:DEBUG:api.py:upload_file:134:Storing the filename!
2024-07-03 12:41:41,792:DEBUG:api.py:upload_file:126:Saving file...
2024-07-03 12:41:41,792:DEBUG:api.py:upload_file:128:File saved!
2024-07-03 12:41:41,792:DEBUG:api.py:upload_file:130:renaming the filename...
2024-07-03 12:41:41,792:DEBUG:api.py:upload_file:134:Storing the filename!
2024-07-03 12:41:41,799:DEBUG:api.py:upload_file:126:Saving file...
2024-07-03 12:41:41,799:DEBUG:api.py:upload_file:128:File saved!
2024-07-03 12:41:41,799:DEBUG:api.py:upload_file:130:renaming the filename...
2024-07-03 12:41:41,799:DEBUG:api.py:upload_file:134:Storing the filename!
2024-07-03 12:41:41,807:DEBUG:api.py:upload_file:126:Saving file...
2024-07-03 12:41:41,807:DEBUG:api.py:upload_file:128:File saved!
2024-07-03 12:41:41,808:DEBUG:api.py:upload_file:130:renaming the filename...
2024-07-03 12:41:41,808:DEBUG:api.py:upload_file:134:Storing the filename!
2024-07-03 12:41:41,815:DEBUG:api.py:upload_file:126:Saving file...
2024-07-03 12:41:41,815:DEBUG:api.py:upload_file:128:File saved!
2024-07-03 12:41:41,815:DEBUG:api.py:upload_file:130:renaming the filename...
2024-07-03 12:41:41,815:DEBUG:api.py:upload_file:134:Storing the filename!
2024-07-03 12:41:41,822:DEBUG:api.py:upload_file:126:Saving file...
2024-07-03 12:41:41,822:DEBUG:api.py:upload_file:128:File saved!
2024-07-03 12:41:41,822:DEBUG:api.py:upload_file:130:renaming the filename...
2024-07-03 12:41:41,822:DEBUG:api.py:upload_file:134:Storing the filename!
2024-07-03 12:41:41,829:DEBUG:api.py:upload_file:126:Saving file...
2024-07-03 12:41:41,830:DEBUG:api.py:upload_file:128:File saved!
2024-07-03 12:41:41,830:DEBUG:api.py:upload_file:130:renaming the filename...
2024-07-03 12:41:41,830:DEBUG:api.py:upload_file:134:Storing the filename!
2024-07-03 12:41:41,836:DEBUG:api.py:upload_file:126:Saving file...
2024-07-03 12:41:41,837:DEBUG:api.py:upload_file:128:File saved!
2024-07-03 12:41:41,837:DEBUG:api.py:upload_file:130:renaming the filename...
2024-07-03 12:41:41,837:DEBUG:api.py:upload_file:134:Storing the filename!
2024-07-03 12:41:41,847:DEBUG:api.py:upload_file:126:Saving file...
2024-07-03 12:41:41,847:DEBUG:api.py:upload_file:128:File saved!
2024-07-03 12:41:41,847:DEBUG:api.py:upload_file:130:renaming the filename...
2024-07-03 12:41:41,847:DEBUG:api.py:upload_file:134:Storing the filename!
2024-07-03 12:41:41,853:DEBUG:api.py:upload_file:126:Saving file...
2024-07-03 12:41:41,853:DEBUG:api.py:upload_file:128:File saved!
2024-07-03 12:41:41,853:DEBUG:api.py:upload_file:130:renaming the filename...
2024-07-03 12:41:41,853:DEBUG:api.py:upload_file:134:Storing the filename!
2024-07-03 12:41:41,861:DEBUG:api.py:upload_file:126:Saving file...
2024-07-03 12:41:41,862:DEBUG:api.py:upload_file:128:File saved!
2024-07-03 12:41:41,862:DEBUG:api.py:upload_file:130:renaming the filename...
2024-07-03 12:41:41,862:DEBUG:api.py:upload_file:134:Storing the filename!
2024-07-03 12:41:41,868:DEBUG:api.py:upload_file:126:Saving file...
2024-07-03 12:41:41,868:DEBUG:api.py:upload_file:128:File saved!
2024-07-03 12:41:41,868:DEBUG:api.py:upload_file:130:renaming the filename...
2024-07-03 12:41:41,868:DEBUG:api.py:upload_file:134:Storing the filename!
2024-07-03 12:41:41,876:DEBUG:api.py:upload_file:126:Saving file...
2024-07-03 12:41:41,876:DEBUG:api.py:upload_file:128:File saved!
2024-07-03 12:41:41,876:DEBUG:api.py:upload_file:130:renaming the filename...
2024-07-03 12:41:41,876:DEBUG:api.py:upload_file:134:Storing the filename!
2024-07-03 12:41:57,549:INFO:_internal.py:_log:97:127.0.0.1 - - [03/Jul/2024 12:41:57] "POST /upload HTTP/1.1" 200 -
